0 info it worked if it ends with ok
1 verbose cli [ '/Users/fletcherist/.nvm/versions/node/v7.0.0/bin/node',
1 verbose cli   '/Users/fletcherist/.nvm/versions/node/v7.0.0/bin/npm',
1 verbose cli   'run',
1 verbose cli   'monit' ]
2 info using npm@3.10.8
3 info using node@v7.0.0
4 verbose run-script [ 'premonit', 'monit', 'postmonit' ]
5 info lifecycle vk-abuser-load-balancer@1.0.0~premonit: vk-abuser-load-balancer@1.0.0
6 silly lifecycle vk-abuser-load-balancer@1.0.0~premonit: no script for premonit, continuing
7 info lifecycle vk-abuser-load-balancer@1.0.0~monit: vk-abuser-load-balancer@1.0.0
8 verbose lifecycle vk-abuser-load-balancer@1.0.0~monit: unsafe-perm in lifecycle true
9 verbose lifecycle vk-abuser-load-balancer@1.0.0~monit: PATH: /Users/fletcherist/.nvm/versions/node/v7.0.0/lib/node_modules/npm/bin/node-gyp-bin:/Users/fletcherist/vk/load_balancer/node_modules/.bin:/Users/fletcherist/.nvm/versions/node/v7.0.0/bin:/Library/Frameworks/Python.framework/Versions/3.5/bin:/usr/bin:/bin:/usr/sbin:/sbin:/usr/local/bin
10 verbose lifecycle vk-abuser-load-balancer@1.0.0~monit: CWD: /Users/fletcherist/vk/load_balancer
11 silly lifecycle vk-abuser-load-balancer@1.0.0~monit: Args: [ '-c', './build/monit.sh' ]
12 info lifecycle vk-abuser-load-balancer@1.0.0~monit: Failed to exec monit script
13 verbose stack Error: vk-abuser-load-balancer@1.0.0 monit: `./build/monit.sh`
13 verbose stack spawn ENOENT
13 verbose stack     at ChildProcess.<anonymous> (/Users/fletcherist/.nvm/versions/node/v7.0.0/lib/node_modules/npm/lib/utils/spawn.js:33:16)
13 verbose stack     at emitTwo (events.js:106:13)
13 verbose stack     at ChildProcess.emit (events.js:191:7)
13 verbose stack     at maybeClose (internal/child_process.js:877:16)
13 verbose stack     at Process.ChildProcess._handle.onexit (internal/child_process.js:226:5)
14 verbose pkgid vk-abuser-load-balancer@1.0.0
15 verbose cwd /Users/fletcherist/vk/load_balancer
16 error Darwin 16.5.0
17 error argv "/Users/fletcherist/.nvm/versions/node/v7.0.0/bin/node" "/Users/fletcherist/.nvm/versions/node/v7.0.0/bin/npm" "run" "monit"
18 error node v7.0.0
19 error npm  v3.10.8
20 error file sh
21 error code ELIFECYCLE
22 error errno ENOENT
23 error syscall spawn
24 error vk-abuser-load-balancer@1.0.0 monit: `./build/monit.sh`
24 error spawn ENOENT
25 error Failed at the vk-abuser-load-balancer@1.0.0 monit script './build/monit.sh'.
25 error Make sure you have the latest version of node.js and npm installed.
25 error If you do, this is most likely a problem with the vk-abuser-load-balancer package,
25 error not with npm itself.
25 error Tell the author that this fails on your system:
25 error     ./build/monit.sh
25 error You can get information on how to open an issue for this project with:
25 error     npm bugs vk-abuser-load-balancer
25 error Or if that isn't available, you can get their info via:
25 error     npm owner ls vk-abuser-load-balancer
25 error There is likely additional logging output above.
26 verbose exit [ 1, true ]
